File: cupstestppd_questions.yaml

Processing chunk 1/4
Wrote to manpages_dataset.yaml
Wrote dataset row for question1
Wrote to manpages_dataset.yaml
Wrote dataset row for question2
Wrote to manpages_dataset.yaml
Wrote dataset row for question3
Processing chunk 2/4
Wrote to manpages_dataset.yaml
Wrote dataset row for question1
Wrote to manpages_dataset.yaml
Wrote dataset row for question2
Wrote to manpages_dataset.yaml
Wrote dataset row for question3
Processing chunk 3/4
Wrote to manpages_dataset.yaml
Wrote dataset row for question1
Wrote to manpages_dataset.yaml
Wrote dataset row for question2
Wrote to manpages_dataset.yaml
Wrote dataset row for question3
Processing chunk 4/4
Wrote to manpages_dataset.yaml
Wrote dataset row for question1
Wrote to manpages_dataset.yaml
Wrote dataset row for question2
Wrote to manpages_dataset.yaml
Wrote dataset row for question3
File: fs_usage_questions.yaml

Processing chunk 1/5
Wrote to manpages_dataset.yaml
Wrote dataset row for question1
Wrote to manpages_dataset.yaml
Wrote dataset row for question2
Wrote to manpages_dataset.yaml
Wrote dataset row for question3
Processing chunk 2/5
Wrote to manpages_dataset.yaml
Wrote dataset row for question1
Wrote to manpages_dataset.yaml
Wrote dataset row for question2
Wrote to manpages_dataset.yaml
Wrote dataset row for question3
Processing chunk 3/5
Wrote to manpages_dataset.yaml
Wrote dataset row for question1
Wrote to manpages_dataset.yaml
Wrote dataset row for question2
Wrote to manpages_dataset.yaml
Wrote dataset row for question3
Processing chunk 4/5
Wrote to manpages_dataset.yaml
Wrote dataset row for question1
Wrote to manpages_dataset.yaml
Wrote dataset row for question2
Wrote to manpages_dataset.yaml
Wrote dataset row for question3
Processing chunk 5/5
Wrote to manpages_dataset.yaml
Wrote dataset row for question1
Wrote to manpages_dataset.yaml
Wrote dataset row for question2
Wrote to manpages_dataset.yaml
Wrote dataset row for question3
File: NRDUpdated_questions.yaml

Processing chunk 1/1
Wrote to manpages_dataset.yaml
Wrote dataset row for question1
Wrote to manpages_dataset.yaml
Wrote dataset row for question2
Wrote to manpages_dataset.yaml
Wrote dataset row for question3
File: dedutil_questions.yaml

Processing chunk 1/2
Wrote to manpages_dataset.yaml
Wrote dataset row for question1
Wrote to manpages_dataset.yaml
Wrote dataset row for question2
Wrote to manpages_dataset.yaml
Wrote dataset row for question3
Processing chunk 2/2
Wrote to manpages_dataset.yaml
Wrote dataset row for question1
Wrote to manpages_dataset.yaml
Wrote dataset row for question2
Wrote to manpages_dataset.yaml
Wrote dataset row for question3
File: AssetCacheLocatorService_questions.yaml

Processing chunk 1/1
Wrote to manpages_dataset.yaml
Wrote dataset row for question1
Wrote to manpages_dataset.yaml
Wrote dataset row for question2
Wrote to manpages_dataset.yaml
Wrote dataset row for question3
File: atsutil_questions.yaml

Processing chunk 1/2
Wrote to manpages_dataset.yaml
Wrote dataset row for question1
Wrote to manpages_dataset.yaml
Wrote dataset row for question2
Wrote to manpages_dataset.yaml
Wrote dataset row for question3
Processing chunk 2/2
Wrote to manpages_dataset.yaml
Wrote dataset row for question1
Wrote to manpages_dataset.yaml
Wrote dataset row for question2
Wrote to manpages_dataset.yaml
Wrote dataset row for question3
File: heap_questions.yaml

Processing chunk 1/5
Wrote to manpages_dataset.yaml
Wrote dataset row for question1
Wrote to manpages_dataset.yaml
Wrote dataset row for question2
Wrote to manpages_dataset.yaml
Wrote dataset row for question3
Processing chunk 2/5
Wrote to manpages_dataset.yaml
Wrote dataset row for question1
Wrote to manpages_dataset.yaml
Wrote dataset row for question2
Wrote to manpages_dataset.yaml
Wrote dataset row for question3
Processing chunk 3/5
Wrote to manpages_dataset.yaml
Wrote dataset row for question1
Wrote to manpages_dataset.yaml
Wrote dataset row for question2
Wrote to manpages_dataset.yaml
Wrote dataset row for question3
Processing chunk 4/5
Wrote to manpages_dataset.yaml
Wrote dataset row for question1
Wrote to manpages_dataset.yaml
Wrote dataset row for question2
Wrote to manpages_dataset.yaml
Wrote dataset row for question3
Processing chunk 5/5
Wrote to manpages_dataset.yaml
Wrote dataset row for question1
Wrote to manpages_dataset.yaml
Wrote dataset row for question2
Wrote to manpages_dataset.yaml
Wrote dataset row for question3
File: fsck_hfs_questions.yaml

Processing chunk 1/7
Wrote to manpages_dataset.yaml
Wrote dataset row for question1
Wrote to manpages_dataset.yaml
Wrote dataset row for question2
Wrote to manpages_dataset.yaml
Wrote dataset row for question3
Processing chunk 2/7
Wrote to manpages_dataset.yaml
Wrote dataset row for question1
Wrote to manpages_dataset.yaml
Wrote dataset row for question2
Wrote to manpages_dataset.yaml
Wrote dataset row for question3
Processing chunk 3/7
Wrote to manpages_dataset.yaml
Wrote dataset row for question1
Wrote to manpages_dataset.yaml
Wrote dataset row for question2
Wrote to manpages_dataset.yaml
Wrote dataset row for question3
Processing chunk 4/7
Wrote to manpages_dataset.yaml
Wrote dataset row for question1
Wrote to manpages_dataset.yaml
Wrote dataset row for question2
Wrote to manpages_dataset.yaml
Wrote dataset row for question3
Processing chunk 5/7
Wrote to manpages_dataset.yaml
Wrote dataset row for question1
Wrote to manpages_dataset.yaml
Wrote dataset row for question2
Wrote to manpages_dataset.yaml
Wrote dataset row for question3
Processing chunk 6/7
Wrote to manpages_dataset.yaml
Wrote dataset row for question1
Wrote to manpages_dataset.yaml
Wrote dataset row for question2
Wrote to manpages_dataset.yaml
Wrote dataset row for question3
Processing chunk 7/7
Wrote to manpages_dataset.yaml
Wrote dataset row for question1
Wrote to manpages_dataset.yaml
Wrote dataset row for question2
Wrote to manpages_dataset.yaml
Wrote dataset row for question3
File: dspluginhelperd_questions.yaml

Processing chunk 1/2
Wrote to manpages_dataset.yaml
Wrote dataset row for question1
Wrote to manpages_dataset.yaml
Wrote dataset row for question2
Wrote to manpages_dataset.yaml
Wrote dataset row for question3
Processing chunk 2/2
Wrote to manpages_dataset.yaml
Wrote dataset row for question1
Wrote to manpages_dataset.yaml
Wrote dataset row for question2
Wrote to manpages_dataset.yaml
Wrote dataset row for question3
File: fg_questions.yaml

Processing chunk 1/4
Wrote to manpages_dataset.yaml
Wrote dataset row for question1
Wrote to manpages_dataset.yaml
Wrote dataset row for question2
Wrote to manpages_dataset.yaml
Wrote dataset row for question3
Processing chunk 2/4
Wrote to manpages_dataset.yaml
Wrote dataset row for question1
Wrote to manpages_dataset.yaml
Wrote dataset row for question2
Wrote to manpages_dataset.yaml
Wrote dataset row for question3
Processing chunk 3/4
Wrote to manpages_dataset.yaml
Wrote dataset row for question1
Wrote to manpages_dataset.yaml
Wrote dataset row for question2
Wrote to manpages_dataset.yaml
Wrote dataset row for question3
Processing chunk 4/4
Wrote to manpages_dataset.yaml
Wrote dataset row for question1
Wrote to manpages_dataset.yaml
Wrote dataset row for question2
Wrote to manpages_dataset.yaml
Wrote dataset row for question3
File: classkit-tool_questions.yaml

Processing chunk 1/2
Wrote to manpages_dataset.yaml
Wrote dataset row for question1
Wrote to manpages_dataset.yaml
Wrote dataset row for question2
Wrote to manpages_dataset.yaml
Wrote dataset row for question3
Processing chunk 2/2
Wrote to manpages_dataset.yaml
Wrote dataset row for question1
Wrote to manpages_dataset.yaml
Wrote dataset row for question2
Wrote to manpages_dataset.yaml
Wrote dataset row for question3
File: GSSCred_questions.yaml

Processing chunk 1/1
Wrote to manpages_dataset.yaml
Wrote dataset row for question1
Wrote to manpages_dataset.yaml
Wrote dataset row for question2
Wrote to manpages_dataset.yaml
Wrote dataset row for question3
File: AMPSystemPlayerAgent_questions.yaml

Processing chunk 1/1
Wrote to manpages_dataset.yaml
Wrote dataset row for question1
Wrote to manpages_dataset.yaml
Wrote dataset row for question2
Wrote to manpages_dataset.yaml
Wrote dataset row for question3
File: fubyte_questions.yaml

Processing chunk 1/2
Wrote to manpages_dataset.yaml
Wrote dataset row for question1
Wrote to manpages_dataset.yaml
Wrote dataset row for question2
Wrote to manpages_dataset.yaml
Wrote dataset row for question3
Processing chunk 2/2
Wrote to manpages_dataset.yaml
Wrote dataset row for question1
Wrote to manpages_dataset.yaml
Wrote dataset row for question2
Wrote to manpages_dataset.yaml
Wrote dataset row for question3
File: findmydevice-user-agent_questions.yaml

Processing chunk 1/1
Wrote to manpages_dataset.yaml
Wrote dataset row for question1
Wrote to manpages_dataset.yaml
Wrote dataset row for question2
Wrote to manpages_dataset.yaml
Wrote dataset row for question3
File: apfsd_questions.yaml

Processing chunk 1/1
Wrote to manpages_dataset.yaml
Wrote dataset row for question1
Wrote to manpages_dataset.yaml
Wrote dataset row for question2
Wrote to manpages_dataset.yaml
Wrote dataset row for question3
File: backtrace_unpack_questions.yaml

Processing chunk 1/2
Wrote to manpages_dataset.yaml
Wrote dataset row for question1
Wrote to manpages_dataset.yaml
Wrote dataset row for question2
Wrote to manpages_dataset.yaml
Wrote dataset row for question3
Processing chunk 2/2
Wrote to manpages_dataset.yaml
Wrote dataset row for question1
Wrote to manpages_dataset.yaml
Wrote dataset row for question2
Wrote to manpages_dataset.yaml
Wrote dataset row for question3
File: fifo2_questions.yaml

Processing chunk 1/2
Wrote to manpages_dataset.yaml
Wrote dataset row for question1
Wrote to manpages_dataset.yaml
Wrote dataset row for question2
Wrote to manpages_dataset.yaml
Wrote dataset row for question3
Processing chunk 2/2
Wrote to manpages_dataset.yaml
Wrote dataset row for question1
Wrote to manpages_dataset.yaml
Wrote dataset row for question2
Wrote to manpages_dataset.yaml
Wrote dataset row for question3
File: db_load_questions.yaml

Processing chunk 1/7
Wrote to manpages_dataset.yaml
Wrote dataset row for question1
Wrote to manpages_dataset.yaml
Wrote dataset row for question2
Wrote to manpages_dataset.yaml
Wrote dataset row for question3
Processing chunk 2/7
Wrote to manpages_dataset.yaml
Wrote dataset row for question1
Wrote to manpages_dataset.yaml
Wrote dataset row for question2
Wrote to manpages_dataset.yaml
Wrote dataset row for question3
Processing chunk 3/7
Wrote to manpages_dataset.yaml
Wrote dataset row for question1
Wrote to manpages_dataset.yaml
Wrote dataset row for question2
Wrote to manpages_dataset.yaml
Wrote dataset row for question3
Processing chunk 4/7
Wrote to manpages_dataset.yaml
Wrote dataset row for question1
Wrote to manpages_dataset.yaml
Wrote dataset row for question2
Wrote to manpages_dataset.yaml
Wrote dataset row for question3
Processing chunk 5/7
Wrote to manpages_dataset.yaml
Wrote dataset row for question1
Wrote to manpages_dataset.yaml
Wrote dataset row for question2
Wrote to manpages_dataset.yaml
Wrote dataset row for question3
Processing chunk 6/7
Wrote to manpages_dataset.yaml
Wrote dataset row for question1
Wrote to manpages_dataset.yaml
Wrote dataset row for question2
Wrote to manpages_dataset.yaml
Wrote dataset row for question3
Processing chunk 7/7
Wrote to manpages_dataset.yaml
Wrote dataset row for question1
Wrote to manpages_dataset.yaml
Wrote dataset row for question2
Wrote to manpages_dataset.yaml
Wrote dataset row for question3
File: banner_questions.yaml

Processing chunk 1/2
Wrote to manpages_dataset.yaml
Wrote dataset row for question1
Wrote to manpages_dataset.yaml
Wrote dataset row for question2
Wrote to manpages_dataset.yaml
Wrote dataset row for question3
Processing chunk 2/2
Wrote to manpages_dataset.yaml
Wrote dataset row for question1
Wrote to manpages_dataset.yaml
Wrote dataset row for question2
Wrote to manpages_dataset.yaml
Wrote dataset row for question3
File: dirs_questions.yaml

Processing chunk 1/4
Wrote to manpages_dataset.yaml
Wrote dataset row for question1
Wrote to manpages_dataset.yaml
Wrote dataset row for question2
Wrote to manpages_dataset.yaml
Wrote dataset row for question3
Processing chunk 2/4
Wrote to manpages_dataset.yaml
Wrote dataset row for question1
Wrote to manpages_dataset.yaml
Wrote dataset row for question2
Wrote to manpages_dataset.yaml
Wrote dataset row for question3
Processing chunk 3/4
Wrote to manpages_dataset.yaml
Wrote dataset row for question1
Wrote to manpages_dataset.yaml
Wrote dataset row for question2
Wrote to manpages_dataset.yaml
Wrote dataset row for question3
Processing chunk 4/4
Wrote to manpages_dataset.yaml
Wrote dataset row for question1
Wrote to manpages_dataset.yaml
Wrote dataset row for question2
Wrote to manpages_dataset.yaml
Wrote dataset row for question3
File: copyinstr_questions.yaml

Processing chunk 1/3
Wrote to manpages_dataset.yaml
Wrote dataset row for question1
Wrote to manpages_dataset.yaml
Wrote dataset row for question2
Wrote to manpages_dataset.yaml
Wrote dataset row for question3
Processing chunk 2/3
Wrote to manpages_dataset.yaml
Wrote dataset row for question1
Wrote to manpages_dataset.yaml
Wrote dataset row for question2
Wrote to manpages_dataset.yaml
Wrote dataset row for question3
Processing chunk 3/3
Wrote to manpages_dataset.yaml
Wrote dataset row for question1
Wrote to manpages_dataset.yaml
Wrote dataset row for question2
Wrote to manpages_dataset.yaml
Wrote dataset row for question3
File: doctools_lang_intro_questions.yaml

Processing chunk 1/9
Wrote to manpages_dataset.yaml
Wrote dataset row for question1
Wrote to manpages_dataset.yaml
Wrote dataset row for question2
Wrote to manpages_dataset.yaml
Wrote dataset row for question3
Processing chunk 2/9
Wrote to manpages_dataset.yaml
Wrote dataset row for question1
Wrote to manpages_dataset.yaml
Wrote dataset row for question2
Wrote to manpages_dataset.yaml
Wrote dataset row for question3
Processing chunk 3/9
Wrote to manpages_dataset.yaml
Wrote dataset row for question1
Wrote to manpages_dataset.yaml
Wrote dataset row for question2
Wrote to manpages_dataset.yaml
Wrote dataset row for question3
Processing chunk 4/9
Wrote to manpages_dataset.yaml
Wrote dataset row for question1
Wrote to manpages_dataset.yaml
Wrote dataset row for question2
Wrote to manpages_dataset.yaml
Wrote dataset row for question3
Processing chunk 5/9
Wrote to manpages_dataset.yaml
Wrote dataset row for question1
Wrote to manpages_dataset.yaml
Wrote dataset row for question2
Wrote to manpages_dataset.yaml
Wrote dataset row for question3
Processing chunk 6/9
Wrote to manpages_dataset.yaml
Wrote dataset row for question1
Wrote to manpages_dataset.yaml
Wrote dataset row for question2
Wrote to manpages_dataset.yaml
Wrote dataset row for question3
Processing chunk 7/9
Wrote to manpages_dataset.yaml
Wrote dataset row for question1
Wrote to manpages_dataset.yaml
Wrote dataset row for question2
Wrote to manpages_dataset.yaml
Wrote dataset row for question3
Processing chunk 8/9
Wrote to manpages_dataset.yaml
Wrote dataset row for question1
Wrote to manpages_dataset.yaml
Wrote dataset row for question2
Wrote to manpages_dataset.yaml
Wrote dataset row for question3
Processing chunk 9/9
Wrote to manpages_dataset.yaml
Wrote dataset row for question1
Wrote to manpages_dataset.yaml
Wrote dataset row for question2
Wrote to manpages_dataset.yaml
Wrote dataset row for question3
File: import_questions.yaml

Processing chunk 1/2
Wrote to manpages_dataset.yaml
Wrote dataset row for question1
Wrote to manpages_dataset.yaml
Wrote dataset row for question2
Wrote to manpages_dataset.yaml
Wrote dataset row for question3
Processing chunk 2/2
Wrote to manpages_dataset.yaml
Wrote dataset row for question1
Wrote to manpages_dataset.yaml
Wrote dataset row for question2
Wrote to manpages_dataset.yaml
Wrote dataset row for question3
File: dir_questions.yaml

Processing chunk 1/5
Wrote to manpages_dataset.yaml
Wrote dataset row for question1
Wrote to manpages_dataset.yaml
Wrote dataset row for question2
Wrote to manpages_dataset.yaml
Wrote dataset row for question3
Processing chunk 2/5
Wrote to manpages_dataset.yaml
Wrote dataset row for question1
Wrote to manpages_dataset.yaml
Wrote dataset row for question2
Wrote to manpages_dataset.yaml
Wrote dataset row for question3
Processing chunk 3/5
Wrote to manpages_dataset.yaml
Wrote dataset row for question1
Wrote to manpages_dataset.yaml
Wrote dataset row for question2
Wrote to manpages_dataset.yaml
Wrote dataset row for question3
Processing chunk 4/5
Wrote to manpages_dataset.yaml
Wrote dataset row for question1
Wrote to manpages_dataset.yaml
Wrote dataset row for question2
Wrote to manpages_dataset.yaml
Wrote dataset row for question3
Processing chunk 5/5
Wrote to manpages_dataset.yaml
Wrote dataset row for question1
Wrote to manpages_dataset.yaml
Wrote dataset row for question2
Wrote to manpages_dataset.yaml
Wrote dataset row for question3
File: accton_questions.yaml

Processing chunk 1/1
Wrote to manpages_dataset.yaml
Wrote dataset row for question1
Wrote to manpages_dataset.yaml
Wrote dataset row for question2
Wrote to manpages_dataset.yaml
Wrote dataset row for question3
File: fileproviderctl_questions.yaml

Processing chunk 1/2
Wrote to manpages_dataset.yaml
Wrote dataset row for question1
Wrote to manpages_dataset.yaml
Wrote dataset row for question2
Wrote to manpages_dataset.yaml
Wrote dataset row for question3
Processing chunk 2/2
Wrote to manpages_dataset.yaml
Wrote dataset row for question1
Wrote to manpages_dataset.yaml
Wrote dataset row for question2
Wrote to manpages_dataset.yaml
Wrote dataset row for question3
File: dot_clean_questions.yaml

Processing chunk 1/2
Wrote to manpages_dataset.yaml
Wrote dataset row for question1
Wrote to manpages_dataset.yaml
Wrote dataset row for question2
Wrote to manpages_dataset.yaml
Wrote dataset row for question3
Processing chunk 2/2
Wrote to manpages_dataset.yaml
Wrote dataset row for question1
Wrote to manpages_dataset.yaml
Wrote dataset row for question2
Wrote to manpages_dataset.yaml
Wrote dataset row for question3
File: IOBluetoothUSBDFUTool_questions.yaml

Processing chunk 1/1
Wrote to manpages_dataset.yaml
Wrote dataset row for question1
Wrote to manpages_dataset.yaml
Wrote dataset row for question2
Wrote to manpages_dataset.yaml
Wrote dataset row for question3
File: auto_mkindex_old_questions.yaml

Processing chunk 1/12
Wrote to manpages_dataset.yaml
Wrote dataset row for question1
Wrote to manpages_dataset.yaml
Wrote dataset row for question2
Wrote to manpages_dataset.yaml
Wrote dataset row for question3
Processing chunk 2/12
Wrote to manpages_dataset.yaml
Wrote dataset row for question1
Wrote to manpages_dataset.yaml
Wrote dataset row for question2
Wrote to manpages_dataset.yaml
Wrote dataset row for question3
Processing chunk 3/12
Wrote to manpages_dataset.yaml
Wrote dataset row for question1
Wrote to manpages_dataset.yaml
Wrote dataset row for question2
Wrote to manpages_dataset.yaml
Wrote dataset row for question3
Processing chunk 4/12
Wrote to manpages_dataset.yaml
Wrote dataset row for question1
Wrote to manpages_dataset.yaml
Wrote dataset row for question2
Wrote to manpages_dataset.yaml
Wrote dataset row for question3
Processing chunk 5/12
Wrote to manpages_dataset.yaml
Wrote dataset row for question1
Wrote to manpages_dataset.yaml
Wrote dataset row for question2
Wrote to manpages_dataset.yaml
Wrote dataset row for question3
Processing chunk 6/12
Wrote to manpages_dataset.yaml
Wrote dataset row for question1
Wrote to manpages_dataset.yaml
Wrote dataset row for question2
Wrote to manpages_dataset.yaml
Wrote dataset row for question3
Processing chunk 7/12
Wrote to manpages_dataset.yaml
Wrote dataset row for question1
